<?xml version="1.0" encoding="UTF-8"?>
<!-- Generated by org.testng.reporters.JUnitXMLReporter -->
<testsuite ignored="0" hostname="INHYNMKORUKON02" failures="1" tests="1" name="A11" time="86.056" errors="0" timestamp="2024-06-02T18:49:42 IST">
  <testcase classname="tests.XM3938" name="Test" time="48.728">
    <failure type="org.openqa.selenium.StaleElementReferenceException" message="The element &amp;apos;By.id: com.infor.hl.xm.dev:id/add_tv&amp;apos; is not linked to the same object in DOM anymore
For documentation on this error, please visit: https://www.selenium.dev/documentation/webdriver/troubleshooting/errors#stale-element-reference-exception
Build info: version: &amp;apos;4.16.1&amp;apos;, revision: &amp;apos;9b4c83354e&amp;apos;
System info: os.name: &amp;apos;Windows 11&amp;apos;, os.arch: &amp;apos;amd64&amp;apos;, os.version: &amp;apos;10.0&amp;apos;, java.version: &amp;apos;21.0.2&amp;apos;
Driver info: io.appium.java_client.AppiumDriver
Command: [87059ae7-0d01-4719-8b5b-20574b2a9a95, clickElement {id=00000000-0000-0113-ffff-ffff00000738}]
Capabilities {appium:appActivity: com.infor.hl.xm.ui.navigati..., appium:appPackage: com.infor.hl.xm.dev, appium:automationName: uiautomator2, appium:databaseEnabled: false, appium:desired: {appActivity: com.infor.hl.xm.ui.navigati..., appPackage: com.infor.hl.xm.dev, automationName: uiautomator2, deviceName: Oneplus 7T, platformName: ANDROID, platformVersion: 11, udid: 7fac1e5a}, appium:deviceApiLevel: 30, appium:deviceManufacturer: OnePlus, appium:deviceModel: HD1901, appium:deviceName: 7fac1e5a, appium:deviceScreenDensity: 420, appium:deviceScreenSize: 1080x2400, appium:deviceUDID: 7fac1e5a, appium:javascriptEnabled: true, appium:locationContextEnabled: false, appium:networkConnectionEnabled: true, appium:pixelRatio: 2.625, appium:platformVersion: 11, appium:statBarHeight: 80, appium:takesScreenshot: true, appium:udid: 7fac1e5a, appium:viewportRect: {height: 2320, left: 0, top: 80, width: 1080}, appium:warnings: {}, appium:webStorageEnabled: false, platformName: ANDROID}
Element: [[AppiumDriver:  on ANDROID (87059ae7-0d01-4719-8b5b-20574b2a9a95)] -&amp;gt; id: com.infor.hl.xm.dev:id/add_tv]
Session ID: 87059ae7-0d01-4719-8b5b-20574b2a9a95">
      <![CDATA[org.openqa.selenium.StaleElementReferenceException: The element 'By.id: com.infor.hl.xm.dev:id/add_tv' is not linked to the same object in DOM anymore
For documentation on this error, please visit: https://www.selenium.dev/documentation/webdriver/troubleshooting/errors#stale-element-reference-exception
Build info: version: '4.16.1', revision: '9b4c83354e'
System info: os.name: 'Windows 11', os.arch: 'amd64', os.version: '10.0', java.version: '21.0.2'
Driver info: io.appium.java_client.AppiumDriver
Command: [87059ae7-0d01-4719-8b5b-20574b2a9a95, clickElement {id=00000000-0000-0113-ffff-ffff00000738}]
Capabilities {appium:appActivity: com.infor.hl.xm.ui.navigati..., appium:appPackage: com.infor.hl.xm.dev, appium:automationName: uiautomator2, appium:databaseEnabled: false, appium:desired: {appActivity: com.infor.hl.xm.ui.navigati..., appPackage: com.infor.hl.xm.dev, automationName: uiautomator2, deviceName: Oneplus 7T, platformName: ANDROID, platformVersion: 11, udid: 7fac1e5a}, appium:deviceApiLevel: 30, appium:deviceManufacturer: OnePlus, appium:deviceModel: HD1901, appium:deviceName: 7fac1e5a, appium:deviceScreenDensity: 420, appium:deviceScreenSize: 1080x2400, appium:deviceUDID: 7fac1e5a, appium:javascriptEnabled: true, appium:locationContextEnabled: false, appium:networkConnectionEnabled: true, appium:pixelRatio: 2.625, appium:platformVersion: 11, appium:statBarHeight: 80, appium:takesScreenshot: true, appium:udid: 7fac1e5a, appium:viewportRect: {height: 2320, left: 0, top: 80, width: 1080}, appium:warnings: {}, appium:webStorageEnabled: false, platformName: ANDROID}
Element: [[AppiumDriver:  on ANDROID (87059ae7-0d01-4719-8b5b-20574b2a9a95)] -> id: com.infor.hl.xm.dev:id/add_tv]
Session ID: 87059ae7-0d01-4719-8b5b-20574b2a9a95
at org.openqa.selenium.remote.codec.w3c.W3CHttpResponseCodec.createException(W3CHttpResponseCodec.java:200)
at org.openqa.selenium.remote.codec.w3c.W3CHttpResponseCodec.decode(W3CHttpResponseCodec.java:133)
at org.openqa.selenium.remote.codec.w3c.W3CHttpResponseCodec.decode(W3CHttpResponseCodec.java:52)
at org.openqa.selenium.remote.HttpCommandExecutor.execute(HttpCommandExecutor.java:191)
at io.appium.java_client.remote.AppiumCommandExecutor.execute(AppiumCommandExecutor.java:238)
at org.openqa.selenium.remote.RemoteWebDriver.execute(RemoteWebDriver.java:523)
at org.openqa.selenium.remote.RemoteWebElement.execute(RemoteWebElement.java:224)
at org.openqa.selenium.remote.RemoteWebElement.click(RemoteWebElement.java:77)
at tests.XM3938.Test(XM3938.java:98)
at java.base/java.util.ArrayList.forEach(ArrayList.java:1596)
... Removed 28 stack frames]]>
    </failure>
  </testcase> <!-- Test -->
</testsuite> <!-- A11 -->
